Thu Jun 13 15:49:10 2019;user Atmosph'air;Connection de user Atmosph'air;
Thu Jun 13 15:49:13 2019;user Atmosph'air;Affichage des capteurs disfonctionnants;
Thu Jun 13 15:49:35 2019;user Atmosph'air;Consultation indice Atmo dans une journee des capteur de la zone 0:0/10000 date : Sun Jan  1 00:00:00 2017;
Thu Jun 13 15:55:32 2019;user Atmosph'air;Connection de user Atmosph'air;
Thu Jun 13 15:56:54 2019;user Atmosph'air;Connection de user Atmosph'air;
Thu Jun 13 15:59:42 2019;user Atmosph'air;Connection de user Atmosph'air;
Thu Jun 13 15:59:54 2019;user Atmosph'air;Consultation indice Atmo dans une journee des capteur de la zone 0:0/10000 date : Sun Jan  1 00:00:00 2017;
Thu Jun 13 16:01:19 2019;user Atmosph'air;Connection de user Atmosph'air;
Thu Jun 13 16:03:37 2019;user Atmosph'air;Connection de user Atmosph'air;
Thu Jun 13 16:10:20 2019;user Atmosph'air;Connection de user Atmosph'air;
Thu Jun 13 16:14:57 2019;user Atmosph'air;Connection de user Atmosph'air;
Thu Jun 13 16:22:01 2019;user Atmosph'air;Connection de user Atmosph'air;
Thu Jun 13 16:33:01 2019;user Atmosph'air;Connection de user Atmosph'air;
Thu Jun 13 16:33:25 2019;user Atmosph'air;Consultation indice Atmo dans une journee des capteur de la zone 0:0/10000 date : Sun Jan  1 00:00:00 2017;
Thu Jun 13 16:35:03 2019;user Atmosph'air;Connection de user Atmosph'air;
Thu Jun 13 16:35:27 2019;user Atmosph'air;Consultation indice Atmo des capteur de la zone 0:0/10000 entre le : Sun Jan  1 00:00:00 2017 et le : Sun Jan  1 00:00:00 2017;
Thu Jun 13 16:38:36 2019;user Atmosph'air;Connection de user Atmosph'air;
Thu Jun 13 16:38:46 2019;user Atmosph'air;Consultation indice Atmo dans une journee des capteur de la zone 0:0/10000 date : Sun Jan  1 00:00:00 2017;
Thu Jun 13 16:41:00 2019;user Atmosph'air;Consultation indice Atmo des capteur de la zone 0:0/10000 entre le : Mon Jan  2 00:00:00 2017 et le : Mon Jan  2 00:00:00 2017;
Thu Jun 13 16:49:05 2019;user Atmosph'air;Connection de user Atmosph'air;
Thu Jun 13 16:50:12 2019;user Atmosph'air;Connection de user Atmosph'air;
Thu Jun 13 16:50:46 2019;user Atmosph'air;Consultation taux moyen de substances (1234) dans une journee des capteur de la zone 0:0/100000. date : Sun Jan  1 00:00:00 2017;
Thu Jun 13 16:52:49 2019;user Atmosph'air;Consultation capteur Sun Jan  1 00:00:00 2017 le : Sun Jan  1 00:00:00 2017;
Thu Jun 13 16:53:08 2019;user Atmosph'air;Consulatation zone a risque seuil : 3 date : Sun Jan  1 00:00:00 2017;
Thu Jun 13 16:54:57 2019;user Atmosph'air;Connection de user Atmosph'air;
Thu Jun 13 17:14:24 2019;user Atmosph'air;Connection de user Atmosph'air;
Thu Jun 13 17:16:43 2019;user Atmosph'air;Consultation indice Atmo des capteur de la zone 0:0/100000 entre le : Sun Jan  1 00:00:00 2017 et le : Sun Jan  1 00:00:00 2017;
Thu Jun 13 17:25:02 2019;user Atmosph'air;Connection de user Atmosph'air;
Thu Jun 13 17:26:31 2019;user Atmosph'air;Connection de user Atmosph'air;
Thu Jun 13 17:27:45 2019;user Atmosph'air;Connection de user Atmosph'air;
Thu Jun 13 17:28:36 2019;user Atmosph'air;Connection de user Atmosph'air;
Thu Jun 13 17:36:13 2019;user Atmosph'air;Connection de user Atmosph'air;
Thu Jun 13 21:27:00 2019;user Atmosph'air;Connection de user Atmosph'air;
Thu Jun 13 21:27:29 2019;user Atmosph'air;modification sauvegarde mesures : dataLourd.csv;
Thu Jun 13 21:28:15 2019;user Atmosph'air;Consultation des similarite entre les capteurs de : Sun Jan  1 00:00:00 2017 à : Sun Jan  1 00:00:00 2017;
Thu Jun 13 21:28:52 2019;user Atmosph'air;Consultation capteur Sun Oct  1 00:00:00 2017 le : Sun Oct  1 00:00:00 2017;
Fri Jun 14 11:08:42 2019;user Atmosph'air;Connection de user Atmosph'air;
Fri Jun 14 11:09:52 2019;user Atmosph'air;modification sauvegarde mesures : data6m.csv;
Fri Jun 14 11:10:28 2019;user Atmosph'air;Consultation indice Atmo dans une journee des capteur de la zone 0:0/10000 date : Tue Apr 25 00:00:00 2017;
Fri Jun 14 11:11:09 2019;user Atmosph'air;Consultation indice Atmo des capteur de la zone 0:0/10000 entre le : Mon Mar 20 00:00:00 2017 et le : Mon Mar 20 00:00:00 2017;
Fri Jun 14 11:14:32 2019;user Atmosph'air;Consultation capteur Sun Jan  1 00:00:00 2017 le : Sun Jan  1 00:00:00 2017;
Fri Jun 14 11:26:51 2019;user Atmosph'air;Connection de user Atmosph'air;
Fri Jun 14 11:28:14 2019;user Atmosph'air;Consultation capteur Mon May 15 00:00:00 2017 le : Mon May 15 00:00:00 2017;
Fri Jun 14 11:29:36 2019;user Atmosph'air;Connection de user Atmosph'air;
Fri Jun 14 11:30:06 2019;user Atmosph'air;Connection de user Atmosph'air;
Fri Jun 14 11:30:44 2019;user Atmosph'air;modification sauvegarde mesures : data5m.csv;
Fri Jun 14 11:32:56 2019;user Atmosph'air;modification sauvegarde mesures : data1y.csv;
Fri Jun 14 11:34:14 2019;user Atmosph'air;Consultation capteur Thu Aug 10 00:00:00 2017 le : Thu Aug 10 00:00:00 2017;
Fri Jun 14 11:34:44 2019;user Atmosph'air;Consulatation zone a risque seuil : 8 date : Mon May  1 00:00:00 2017;
Fri Jun 14 11:35:41 2019;user Atmosph'air;Consulatation zone a risque seuil : 8 date : Sun Jan  1 00:00:00 2017;
Fri Jun 14 11:36:28 2019;user Atmosph'air;Consultation taux moyen de substances (1234) dans une journee des capteur de la zone 0:0/10000 date : Sun Jan  1 00:00:00 2017;
Fri Jun 14 11:38:35 2019;user Atmosph'air;Consultation indice Atmo dans une journee des capteur de la zone 0:0/10000 date : Sun Jan  1 00:00:00 2017;
Fri Jun 14 11:39:54 2019;user Atmosph'air;Affichage des capteurs disfonctionnants;
Fri Jun 14 11:45:31 2019;user Atmosph'air;Connection de user Atmosph'air;
Fri Jun 14 11:51:31 2019;user Atmosph'air;Connection de user Atmosph'air;
Fri Jun 14 11:51:40 2019;user Atmosph'air;Affichage des capteurs disfonctionnants;
Fri Jun 14 11:52:30 2019;user Atmosph'air;modification sauvegarde mesures : data5m.csv;
Fri Jun 14 11:52:46 2019;user Atmosph'air;Affichage des capteurs disfonctionnants;
Fri Jun 14 11:55:07 2019;user Atmosph'air;Connection de user Atmosph'air;
Fri Jun 14 11:55:46 2019;user Atmosph'air;Affichage des capteurs disfonctionnants;
Fri Jun 14 11:57:07 2019;user Atmosph'air;Affichage des capteurs disfonctionnants;
Fri Jun 14 11:57:21 2019;user Atmosph'air;Connection de user Atmosph'air;
Fri Jun 14 11:58:00 2019;user Atmosph'air;Affichage des capteurs disfonctionnants;
Fri Jun 14 11:59:46 2019;user Atmosph'air;Connection de user Atmosph'air;
Fri Jun 14 12:00:22 2019;user Atmosph'air;Affichage des capteurs disfonctionnants;
